<?xml version="1.0" encoding="UTF-8"?>
<!-- Generated by org.testng.reporters.JUnitReportReporter -->
<testsuite skipped="0" hostname="Mohammeds-MacBook-Pro.local" name="runner.TestRunner" tests="1" failures="0" timestamp="2020-09-29T14:58:04 EET" time="59.569" errors="0">
  <testcase name="runScenario" time="59.569" classname="runner.TestRunner"/>
  <system-out/>
</testsuite> <!-- runner.TestRunner -->
