<?xml version="1.0" encoding="UTF-8"?>
<!-- Generated by org.testng.reporters.JUnitReportReporter -->
<testsuite skipped="0" hostname="Mohammeds-MacBook-Pro.local" name="runner.TestExecution" tests="1" failures="0" timestamp="2020-09-28T03:55:43 EET" time="47.353" errors="0">
  <testcase name="runScenario" time="47.353" classname="runner.TestExecution"/>
  <system-out/>
</testsuite> <!-- runner.TestExecution -->
